Performing C SOURCE FILE Test CMAKE_HAVE_LIBC_PTHREAD failed with the following output:
Change Dir: /mnt/d/Practice/cmake-build-debug/CMakeFiles/CMakeTmp

Run Build Command(s):/usr/bin/make cmTC_4b84e/fast && /usr/bin/make -f CMakeFiles/cmTC_4b84e.dir/build.make CMakeFiles/cmTC_4b84e.dir/build
make[1]: Entering directory '/mnt/d/Practice/cmake-build-debug/CMakeFiles/CMakeTmp'
Building C object CMakeFiles/cmTC_4b84e.dir/src.c.o
/usr/bin/cc   -DCMAKE_HAVE_LIBC_PTHREAD   -o CMakeFiles/cmTC_4b84e.dir/src.c.o   -c /mnt/d/Practice/cmake-build-debug/CMakeFiles/CMakeTmp/src.c
Linking C executable cmTC_4b84e
/usr/local/bin/cmake -E cmake_link_script CMakeFiles/cmTC_4b84e.dir/link.txt --verbose=1
/usr/bin/cc  -DCMAKE_HAVE_LIBC_PTHREAD    CMakeFiles/cmTC_4b84e.dir/src.c.o  -o cmTC_4b84e 
CMakeFiles/cmTC_4b84e.dir/src.c.o: In function `main':
src.c:(.text+0x3e): undefined reference to `pthread_create'
src.c:(.text+0x4a): undefined reference to `pthread_detach'
src.c:(.text+0x5b): undefined reference to `pthread_join'
src.c:(.text+0x6f): undefined reference to `pthread_atfork'
collect2: error: ld returned 1 exit status
CMakeFiles/cmTC_4b84e.dir/build.make:86: recipe for target 'cmTC_4b84e' failed
make[1]: *** [cmTC_4b84e] Error 1
make[1]: Leaving directory '/mnt/d/Practice/cmake-build-debug/CMakeFiles/CMakeTmp'
Makefile:121: recipe for target 'cmTC_4b84e/fast' failed
make: *** [cmTC_4b84e/fast] Error 2


Source file was:
#include <pthread.h>

void* test_func(void* data)
{
  return data;
}

int main(void)
{
  pthread_t thread;
  pthread_create(&thread, NULL, test_func, NULL);
  pthread_detach(thread);
  pthread_join(thread, NULL);
  pthread_atfork(NULL, NULL, NULL);
  pthread_exit(NULL);

  return 0;
}

Determining if the function pthread_create exists in the pthreads failed with the following output:
Change Dir: /mnt/d/Practice/cmake-build-debug/CMakeFiles/CMakeTmp

Run Build Command(s):/usr/bin/make cmTC_57599/fast && /usr/bin/make -f CMakeFiles/cmTC_57599.dir/build.make CMakeFiles/cmTC_57599.dir/build
make[1]: Entering directory '/mnt/d/Practice/cmake-build-debug/CMakeFiles/CMakeTmp'
Building C object CMakeFiles/cmTC_57599.dir/CheckFunctionExists.c.o
/usr/bin/cc   -DCHECK_FUNCTION_EXISTS=pthread_create   -o CMakeFiles/cmTC_57599.dir/CheckFunctionExists.c.o   -c /usr/local/share/cmake-3.15/Modules/CheckFunctionExists.c
Linking C executable cmTC_57599
/usr/local/bin/cmake -E cmake_link_script CMakeFiles/cmTC_57599.dir/link.txt --verbose=1
/usr/bin/cc  -DCHECK_FUNCTION_EXISTS=pthread_create    CMakeFiles/cmTC_57599.dir/CheckFunctionExists.c.o  -o cmTC_57599 -lpthreads 
/usr/bin/ld: cannot find -lpthreads
collect2: error: ld returned 1 exit status
CMakeFiles/cmTC_57599.dir/build.make:86: recipe for target 'cmTC_57599' failed
make[1]: *** [cmTC_57599] Error 1
make[1]: Leaving directory '/mnt/d/Practice/cmake-build-debug/CMakeFiles/CMakeTmp'
Makefile:121: recipe for target 'cmTC_57599/fast' failed
make: *** [cmTC_57599/fast] Error 2



